{"C:\\Users\\GS12\\SampleFrame\\src\\app.ts": {"path":"C:\\Users\\GS12\\SampleFrame\\src\\app.ts","statementMap":{"0":{"start":{"line":1,"column":18},"end":{"line":1,"column":38}},"1":{"start":{"line":2,"column":18},"end":{"line":2,"column":61}},"2":{"start":{"line":4,"column":0},"end":{"line":13,"column":null}},"3":{"start":{"line":8,"column":8},"end":{"line":11,"column":null}}},"fnMap":{"0":{"name":"(anonymous_0)","decl":{"start":{"line":7,"column":4},"end":{"line":7,"column":12}},"loc":{"start":{"line":7,"column":12},"end":{"line":12,"column":5}}}},"branchMap":{},"s":{"0":1,"1":1,"2":1,"3":1},"f":{"0":1},"b":{}}
}
